添加商品记录	仓库代码	0	仓库名称		仓库当前库容	0	
添加商品记录	仓库代码	0	仓库名称		仓库当前库容	0	
添加商品记录	仓库代码	0	仓库名称		仓库当前库容	0	
添加商品记录	仓库代码	0	仓库名称		仓库当前库容	0	
添加商品记录	仓库代码	0	仓库名称		仓库当前库容	0	
添加商品记录	仓库代码	0	仓库名称		仓库当前库容	0	
添加商品记录	仓库代码	0	仓库名称		仓库当前库容	0	
添加商品记录	仓库代码	0	仓库名称		仓库当前库容	0	
添加商品记录	仓库代码	0	仓库名称		仓库当前库容	0	
添加商品记录	仓库代码	0	仓库名称		仓库当前库容	0	
变更商品库存	仓库代码	0	仓库名称		仓库当前库容	0	库存变更为3	
添加商品记录	仓库代码	0	仓库名称		仓库当前库容	3	
添加商品记录	仓库代码	0	仓库名称		仓库当前库容	3	
添加商品记录	仓库代码	0	仓库名称		仓库当前库容	3	
添加商品记录	仓库代码	0	仓库名称		仓库当前库容	3	
变更商品库存	仓库代码	12	仓库名称	Fdcs	仓库当前库容	0	库存变更为23	
添加商品记录	仓库代码	12	仓库名称	Fdcs	仓库当前库容	23	
变更商品库存	仓库代码	2	仓库名称		仓库当前库容	3	库存变更为-4	
添加商品记录	仓库代码	12	仓库名称	Fdcs	仓库当前库容	23	
添加商品记录	仓库代码	2	仓库名称		仓库当前库容	10	
添加商品记录	仓库代码	2	仓库名称	Silaf	仓库当前库容	10	
添加商品记录	仓库代码	12	仓库名称	Fdcs	仓库当前库容	23	
变更商品库存	仓库代码	2	仓库名称	iDiotBird	仓库当前库容	10	库存变更为0	
删除商品记录	仓库代码	2	仓库名称	iDiotBird	仓库当前库容	0	
添加商品记录	商品代码	2	商品名称	Silaf	商品当前库容	10	
添加商品记录	商品代码	12	商品名称	Fdcs	商品当前库容	23	
添加商品记录	商品代码	2	商品名称	Silaf	商品当前库容	10	
添加商品记录	商品代码	12	商品名称	Fdcs	商品当前库容	23	
添加商品记录	商品代码	2	商品名称	Silaf	商品当前库容	10	
添加商品记录	商品代码	12	商品名称	Fdcs	商品当前库容	23	
变更商品库存	商品代码	2	商品名称	Silaf	商品当前库容	10	库存变更为0	
删除商品记录	商品代码	2	商品名称	Silaf	商品当前库容	0	
添加商品记录	商品代码	2	商品名称	Silaf	商品当前库容	10	
添加商品记录	商品代码	12	商品名称	Fdcs	商品当前库容	23	
变更商品库存	商品代码	2	商品名称	Silaf	商品当前库容	10	库存变更为0	
删除商品记录	商品代码	2	商品名称	Silaf	商品当前库容	0	
添加商品记录	商品代码	2	商品名称	Silaf	商品当前库容	10	
添加商品记录	商品代码	12	商品名称	Fdcs	商品当前库容	23	
变更商品库存	商品代码	2	商品名称	Silaf	商品当前库容	10	库存变更为0	
删除商品记录	商品代码	2	商品名称	Silaf	商品当前库容	0	
添加商品记录	商品代码	2	商品名称	Silaf	商品当前库容	10	
添加商品记录	商品代码	12	商品名称	Fdcs	商品当前库容	23	
变更商品库存	商品代码	2	商品名称	Silaf	商品当前库容	10	库存变更为0	
删除商品记录	商品代码	2	商品名称	Silaf	商品当前库容	0	
添加商品记录	商品代码	2	商品名称	Silaf	商品当前库容	10	
添加商品记录	商品代码	12	商品名称	Fdcs	商品当前库容	23	
变更商品库存	商品代码	2	商品名称	Silaf	商品当前库容	10	库存变更为9	
变更商品库存	商品代码	2	商品名称	Silaf	商品当前库容	9	库存变更为0	
删除商品记录	商品代码	2	商品名称	Silaf	商品当前库容	0	
变更商品库存	商品代码	23	商品名称	SD	商品当前库容	0	库存变更为21	
添加商品记录	商品代码	23	商品名称	SD	商品当前库容	21	
